{"message":"AssertionError: Facebook - Google Chrome tab was not found. FAIL\n    at Object.switchToTab (C:\\Users\\dsilvera\\RepoGeneralAutomationDotiBettiniFlynn\\RepoGeneralAutomationDotiBettiniFlynn\\node_modules\\test-automation-pack\\PageObject.js:506:16)","level":"error","timestamp":"2020-04-29"}
{"message":"StaleElementReferenceError: stale element reference: element is not attached to the page document\n  (Session info: chrome=81.0.4044.122)\n    at Object.throwDecodedError (C:\\Users\\dsilvera\\RepoGeneralAutomationDotiBettiniFlynn\\RepoGeneralAutomationDotiBettiniFlynn\\node_modules\\selenium-webdriver\\lib\\error.js:550:15)\n    at parseHttpResponse (C:\\Users\\dsilvera\\RepoGeneralAutomationDotiBettiniFlynn\\RepoGeneralAutomationDotiBettiniFlynn\\node_modules\\selenium-webdriver\\lib\\http.js:565:13)\n    at Executor.execute (C:\\Users\\dsilvera\\RepoGeneralAutomationDotiBettiniFlynn\\RepoGeneralAutomationDotiBettiniFlynn\\node_modules\\selenium-webdriver\\lib\\http.js:491:26)\n    at process._tickCallback (internal/process/next_tick.js:68:7)","level":"error","timestamp":"2020-04-29"}
{"message":"AssertionError: ERROR: WebElement [object Map] not found in PageElements during PopulateElement() attempt.\n    at genericPopulateElement (C:\\Users\\dsilvera\\RepoGeneralAutomationDotiBettiniFlynn\\RepoGeneralAutomationDotiBettiniFlynn\\node_modules\\test-automation-pack\\PageObject.js:195:14)\n    at process._tickCallback (internal/process/next_tick.js:68:7)","level":"error","timestamp":"2020-04-29"}
{"message":"StaleElementReferenceError: stale element reference: element is not attached to the page document\n  (Session info: chrome=81.0.4044.129)\n    at Object.throwDecodedError (C:\\Users\\dsilvera\\RepoGeneralAutomationDotiBettiniFlynn\\RepoGeneralAutomationDotiBettiniFlynn\\node_modules\\selenium-webdriver\\lib\\error.js:550:15)\n    at parseHttpResponse (C:\\Users\\dsilvera\\RepoGeneralAutomationDotiBettiniFlynn\\RepoGeneralAutomationDotiBettiniFlynn\\node_modules\\selenium-webdriver\\lib\\http.js:565:13)\n    at Executor.execute (C:\\Users\\dsilvera\\RepoGeneralAutomationDotiBettiniFlynn\\RepoGeneralAutomationDotiBettiniFlynn\\node_modules\\selenium-webdriver\\lib\\http.js:491:26)\n    at process._tickCallback (internal/process/next_tick.js:68:7)","level":"error","timestamp":"2020-04-29"}
{"message":"NoSuchElementError: no such element: Unable to locate element: {\"method\":\"xpath\",\"selector\":\"//span[.='Inicia sesión con Facebook']\"}\n  (Session info: chrome=81.0.4044.129)\n    at Object.throwDecodedError (C:\\Users\\dsilvera\\RepoGeneralAutomationDotiBettiniFlynn\\RepoGeneralAutomationDotiBettiniFlynn\\node_modules\\selenium-webdriver\\lib\\error.js:550:15)\n    at parseHttpResponse (C:\\Users\\dsilvera\\RepoGeneralAutomationDotiBettiniFlynn\\RepoGeneralAutomationDotiBettiniFlynn\\node_modules\\selenium-webdriver\\lib\\http.js:565:13)\n    at Executor.execute (C:\\Users\\dsilvera\\RepoGeneralAutomationDotiBettiniFlynn\\RepoGeneralAutomationDotiBettiniFlynn\\node_modules\\selenium-webdriver\\lib\\http.js:491:26)\n    at process._tickCallback (internal/process/next_tick.js:68:7)","level":"error","timestamp":"2020-04-29"}
{"message":"StaleElementReferenceError: stale element reference: element is not attached to the page document\n  (Session info: chrome=81.0.4044.129)\n    at Object.throwDecodedError (C:\\Users\\dsilvera\\RepoGeneralAutomationDotiBettiniFlynn\\RepoGeneralAutomationDotiBettiniFlynn\\node_modules\\selenium-webdriver\\lib\\error.js:550:15)\n    at parseHttpResponse (C:\\Users\\dsilvera\\RepoGeneralAutomationDotiBettiniFlynn\\RepoGeneralAutomationDotiBettiniFlynn\\node_modules\\selenium-webdriver\\lib\\http.js:565:13)\n    at Executor.execute (C:\\Users\\dsilvera\\RepoGeneralAutomationDotiBettiniFlynn\\RepoGeneralAutomationDotiBettiniFlynn\\node_modules\\selenium-webdriver\\lib\\http.js:491:26)\n    at process._tickCallback (internal/process/next_tick.js:68:7)","level":"error","timestamp":"2020-04-29"}
{"message":"NoSuchElementError: no such element: Unable to locate element: {\"method\":\"xpath\",\"selector\":\"//input [@aria-label=('Phone number, username, or email')]\"}\n  (Session info: chrome=81.0.4044.129)\n    at Object.throwDecodedError (C:\\Users\\dsilvera\\RepoGeneralAutomationDotiBettiniFlynn\\RepoGeneralAutomationDotiBettiniFlynn\\node_modules\\selenium-webdriver\\lib\\error.js:550:15)\n    at parseHttpResponse (C:\\Users\\dsilvera\\RepoGeneralAutomationDotiBettiniFlynn\\RepoGeneralAutomationDotiBettiniFlynn\\node_modules\\selenium-webdriver\\lib\\http.js:565:13)\n    at Executor.execute (C:\\Users\\dsilvera\\RepoGeneralAutomationDotiBettiniFlynn\\RepoGeneralAutomationDotiBettiniFlynn\\node_modules\\selenium-webdriver\\lib\\http.js:491:26)\n    at process._tickCallback (internal/process/next_tick.js:68:7)","level":"error","timestamp":"2020-04-29"}
{"message":"NoSuchElementError: no such element: Unable to locate element: {\"method\":\"xpath\",\"selector\":\"//input [@aria-label=('Phone number, username, or email')]\"}\n  (Session info: chrome=81.0.4044.129)\n    at Object.throwDecodedError (C:\\Users\\dsilvera\\RepoGeneralAutomationDotiBettiniFlynn\\RepoGeneralAutomationDotiBettiniFlynn\\node_modules\\selenium-webdriver\\lib\\error.js:550:15)\n    at parseHttpResponse (C:\\Users\\dsilvera\\RepoGeneralAutomationDotiBettiniFlynn\\RepoGeneralAutomationDotiBettiniFlynn\\node_modules\\selenium-webdriver\\lib\\http.js:565:13)\n    at Executor.execute (C:\\Users\\dsilvera\\RepoGeneralAutomationDotiBettiniFlynn\\RepoGeneralAutomationDotiBettiniFlynn\\node_modules\\selenium-webdriver\\lib\\http.js:491:26)\n    at process._tickCallback (internal/process/next_tick.js:68:7)","level":"error","timestamp":"2020-04-29"}
{"message":"InvalidSelectorError: invalid selector: Unable to locate an element with the xpath expression //input [@name='password']] because of the following error:\nSyntaxError: Failed to execute 'evaluate' on 'Document': The string '//input [@name='password']]' is not a valid XPath expression.\n  (Session info: chrome=81.0.4044.129)\n    at Object.throwDecodedError (C:\\Users\\dsilvera\\RepoGeneralAutomationDotiBettiniFlynn\\RepoGeneralAutomationDotiBettiniFlynn\\node_modules\\selenium-webdriver\\lib\\error.js:550:15)\n    at parseHttpResponse (C:\\Users\\dsilvera\\RepoGeneralAutomationDotiBettiniFlynn\\RepoGeneralAutomationDotiBettiniFlynn\\node_modules\\selenium-webdriver\\lib\\http.js:565:13)\n    at Executor.execute (C:\\Users\\dsilvera\\RepoGeneralAutomationDotiBettiniFlynn\\RepoGeneralAutomationDotiBettiniFlynn\\node_modules\\selenium-webdriver\\lib\\http.js:491:26)\n    at process._tickCallback (internal/process/next_tick.js:68:7)","level":"error","timestamp":"2020-04-29"}
{"message":"NoSuchElementError: no such element: Unable to locate element: {\"method\":\"xpath\",\"selector\":\"//a[.='See All']\"}\n  (Session info: chrome=81.0.4044.129)\n    at Object.throwDecodedError (C:\\Users\\dsilvera\\RepoGeneralAutomationDotiBettiniFlynn\\RepoGeneralAutomationDotiBettiniFlynn\\node_modules\\selenium-webdriver\\lib\\error.js:550:15)\n    at parseHttpResponse (C:\\Users\\dsilvera\\RepoGeneralAutomationDotiBettiniFlynn\\RepoGeneralAutomationDotiBettiniFlynn\\node_modules\\selenium-webdriver\\lib\\http.js:565:13)\n    at Executor.execute (C:\\Users\\dsilvera\\RepoGeneralAutomationDotiBettiniFlynn\\RepoGeneralAutomationDotiBettiniFlynn\\node_modules\\selenium-webdriver\\lib\\http.js:491:26)\n    at process._tickCallback (internal/process/next_tick.js:68:7)","level":"error","timestamp":"2020-04-29"}
{"message":"NoSuchElementError: no such element: Unable to locate element: {\"method\":\"xpath\",\"selector\":\"//button[@class='btn btn-comprar']\"}\n  (Session info: chrome=81.0.4044.129)\n    at Object.throwDecodedError (C:\\Users\\dsilvera\\RepoGeneralAutomationDotiBettiniFlynn\\RepoGeneralAutomationDotiBettiniFlynn\\node_modules\\selenium-webdriver\\lib\\error.js:550:15)\n    at parseHttpResponse (C:\\Users\\dsilvera\\RepoGeneralAutomationDotiBettiniFlynn\\RepoGeneralAutomationDotiBettiniFlynn\\node_modules\\selenium-webdriver\\lib\\http.js:565:13)\n    at Executor.execute (C:\\Users\\dsilvera\\RepoGeneralAutomationDotiBettiniFlynn\\RepoGeneralAutomationDotiBettiniFlynn\\node_modules\\selenium-webdriver\\lib\\http.js:491:26)\n    at process._tickCallback (internal/process/next_tick.js:68:7)","level":"error","timestamp":"2020-05-05"}
{"message":"NoSuchElementError: no such element: Unable to locate element: {\"method\":\"xpath\",\"selector\":\"//input[@id='username']\"}\n  (Session info: chrome=81.0.4044.129)\n    at Object.throwDecodedError (C:\\Users\\dsilvera\\RepoGeneralAutomationDotiBettiniFlynn\\RepoGeneralAutomationDotiBettiniFlynn\\node_modules\\selenium-webdriver\\lib\\error.js:550:15)\n    at parseHttpResponse (C:\\Users\\dsilvera\\RepoGeneralAutomationDotiBettiniFlynn\\RepoGeneralAutomationDotiBettiniFlynn\\node_modules\\selenium-webdriver\\lib\\http.js:565:13)\n    at Executor.execute (C:\\Users\\dsilvera\\RepoGeneralAutomationDotiBettiniFlynn\\RepoGeneralAutomationDotiBettiniFlynn\\node_modules\\selenium-webdriver\\lib\\http.js:491:26)\n    at process._tickCallback (internal/process/next_tick.js:68:7)","level":"error","timestamp":"2020-05-05"}
{"message":"NoSuchWindowError: no such window: window was already closed\n  (Session info: chrome=81.0.4044.129)\n    at Object.throwDecodedError (C:\\Users\\dsilvera\\RepoGeneralAutomationDotiBettiniFlynn\\RepoGeneralAutomationDotiBettiniFlynn\\node_modules\\selenium-webdriver\\lib\\error.js:550:15)\n    at parseHttpResponse (C:\\Users\\dsilvera\\RepoGeneralAutomationDotiBettiniFlynn\\RepoGeneralAutomationDotiBettiniFlynn\\node_modules\\selenium-webdriver\\lib\\http.js:565:13)\n    at Executor.execute (C:\\Users\\dsilvera\\RepoGeneralAutomationDotiBettiniFlynn\\RepoGeneralAutomationDotiBettiniFlynn\\node_modules\\selenium-webdriver\\lib\\http.js:491:26)\n    at process._tickCallback (internal/process/next_tick.js:68:7)","level":"error","timestamp":"2020-05-05"}
{"message":"NoSuchWindowError: no such window: window was already closed\n  (Session info: chrome=81.0.4044.129)\n    at Object.throwDecodedError (C:\\Users\\dsilvera\\RepoGeneralAutomationDotiBettiniFlynn\\RepoGeneralAutomationDotiBettiniFlynn\\node_modules\\selenium-webdriver\\lib\\error.js:550:15)\n    at parseHttpResponse (C:\\Users\\dsilvera\\RepoGeneralAutomationDotiBettiniFlynn\\RepoGeneralAutomationDotiBettiniFlynn\\node_modules\\selenium-webdriver\\lib\\http.js:565:13)\n    at Executor.execute (C:\\Users\\dsilvera\\RepoGeneralAutomationDotiBettiniFlynn\\RepoGeneralAutomationDotiBettiniFlynn\\node_modules\\selenium-webdriver\\lib\\http.js:491:26)\n    at process._tickCallback (internal/process/next_tick.js:68:7)","level":"error","timestamp":"2020-05-05"}
{"message":"AssertionError: ICBC Store - Login tab was not found. FAIL\n    at Object.switchToTab (C:\\Users\\dsilvera\\RepoGeneralAutomationDotiBettiniFlynn\\RepoGeneralAutomationDotiBettiniFlynn\\node_modules\\test-automation-pack\\PageObject.js:506:16)","level":"error","timestamp":"2020-05-05"}
{"message":"WebDriverError: chrome not reachable\n  (Session info: chrome=81.0.4044.129)\n    at Object.throwDecodedError (C:\\Users\\dsilvera\\RepoGeneralAutomationDotiBettiniFlynn\\RepoGeneralAutomationDotiBettiniFlynn\\node_modules\\selenium-webdriver\\lib\\error.js:550:15)\n    at parseHttpResponse (C:\\Users\\dsilvera\\RepoGeneralAutomationDotiBettiniFlynn\\RepoGeneralAutomationDotiBettiniFlynn\\node_modules\\selenium-webdriver\\lib\\http.js:565:13)\n    at Executor.execute (C:\\Users\\dsilvera\\RepoGeneralAutomationDotiBettiniFlynn\\RepoGeneralAutomationDotiBettiniFlynn\\node_modules\\selenium-webdriver\\lib\\http.js:491:26)\n    at process._tickCallback (internal/process/next_tick.js:68:7)","level":"error","timestamp":"2020-05-05"}
{"message":"NoSuchElementError: no such element: Unable to locate element: {\"method\":\"xpath\",\"selector\":\"//a[.='Tarjeta de crédito']\"}\n  (Session info: chrome=81.0.4044.129)\n    at Object.throwDecodedError (C:\\Users\\dsilvera\\RepoGeneralAutomationDotiBettiniFlynn\\RepoGeneralAutomationDotiBettiniFlynn\\node_modules\\selenium-webdriver\\lib\\error.js:550:15)\n    at parseHttpResponse (C:\\Users\\dsilvera\\RepoGeneralAutomationDotiBettiniFlynn\\RepoGeneralAutomationDotiBettiniFlynn\\node_modules\\selenium-webdriver\\lib\\http.js:565:13)\n    at Executor.execute (C:\\Users\\dsilvera\\RepoGeneralAutomationDotiBettiniFlynn\\RepoGeneralAutomationDotiBettiniFlynn\\node_modules\\selenium-webdriver\\lib\\http.js:491:26)\n    at process._tickCallback (internal/process/next_tick.js:68:7)","level":"error","timestamp":"2020-05-05"}
{"message":"TypeError: Cannot read property 'includes' of null\n    at activateTab (C:\\Users\\dsilvera\\RepoGeneralAutomationDotiBettiniFlynn\\RepoGeneralAutomationDotiBettiniFlynn\\node_modules\\test-automation-pack\\driver.js:142:26)\n    at process._tickCallback (internal/process/next_tick.js:68:7)","level":"error","timestamp":"2020-05-05"}
{"message":"NoSuchWindowError: no such window: target window already closed\nfrom unknown error: web view not found\n  (Session info: chrome=81.0.4044.129)\n    at Object.throwDecodedError (C:\\Users\\dsilvera\\RepoGeneralAutomationDotiBettiniFlynn\\RepoGeneralAutomationDotiBettiniFlynn\\node_modules\\selenium-webdriver\\lib\\error.js:550:15)\n    at parseHttpResponse (C:\\Users\\dsilvera\\RepoGeneralAutomationDotiBettiniFlynn\\RepoGeneralAutomationDotiBettiniFlynn\\node_modules\\selenium-webdriver\\lib\\http.js:565:13)\n    at Executor.execute (C:\\Users\\dsilvera\\RepoGeneralAutomationDotiBettiniFlynn\\RepoGeneralAutomationDotiBettiniFlynn\\node_modules\\selenium-webdriver\\lib\\http.js:491:26)\n    at process._tickCallback (internal/process/next_tick.js:68:7)","level":"error","timestamp":"2020-05-05"}
{"message":"TypeError: Cannot read property 'includes' of null\n    at activateTab (C:\\Users\\dsilvera\\RepoGeneralAutomationDotiBettiniFlynn\\RepoGeneralAutomationDotiBettiniFlynn\\node_modules\\test-automation-pack\\driver.js:142:26)\n    at process._tickCallback (internal/process/next_tick.js:68:7)","level":"error","timestamp":"2020-05-05"}
{"message":"NoSuchWindowError: no such window: target window already closed\nfrom unknown error: web view not found\n  (Session info: chrome=81.0.4044.129)\n    at Object.throwDecodedError (C:\\Users\\dsilvera\\RepoGeneralAutomationDotiBettiniFlynn\\RepoGeneralAutomationDotiBettiniFlynn\\node_modules\\selenium-webdriver\\lib\\error.js:550:15)\n    at parseHttpResponse (C:\\Users\\dsilvera\\RepoGeneralAutomationDotiBettiniFlynn\\RepoGeneralAutomationDotiBettiniFlynn\\node_modules\\selenium-webdriver\\lib\\http.js:565:13)\n    at Executor.execute (C:\\Users\\dsilvera\\RepoGeneralAutomationDotiBettiniFlynn\\RepoGeneralAutomationDotiBettiniFlynn\\node_modules\\selenium-webdriver\\lib\\http.js:491:26)\n    at process._tickCallback (internal/process/next_tick.js:68:7)","level":"error","timestamp":"2020-05-05"}
{"message":"NoSuchElementError: no such element: Unable to locate element: {\"method\":\"xpath\",\"selector\":\"//a[.='Tarjeta de crédito']\"}\n  (Session info: chrome=81.0.4044.129)\n    at Object.throwDecodedError (C:\\Users\\dsilvera\\RepoGeneralAutomationDotiBettiniFlynn\\RepoGeneralAutomationDotiBettiniFlynn\\node_modules\\selenium-webdriver\\lib\\error.js:550:15)\n    at parseHttpResponse (C:\\Users\\dsilvera\\RepoGeneralAutomationDotiBettiniFlynn\\RepoGeneralAutomationDotiBettiniFlynn\\node_modules\\selenium-webdriver\\lib\\http.js:565:13)\n    at Executor.execute (C:\\Users\\dsilvera\\RepoGeneralAutomationDotiBettiniFlynn\\RepoGeneralAutomationDotiBettiniFlynn\\node_modules\\selenium-webdriver\\lib\\http.js:491:26)\n    at process._tickCallback (internal/process/next_tick.js:68:7)","level":"error","timestamp":"2020-05-05"}
{"message":"TypeError: Cannot read property 'includes' of null\n    at activateTab (C:\\Users\\dsilvera\\RepoGeneralAutomationDotiBettiniFlynn\\RepoGeneralAutomationDotiBettiniFlynn\\node_modules\\test-automation-pack\\driver.js:142:26)\n    at process._tickCallback (internal/process/next_tick.js:68:7)","level":"error","timestamp":"2020-05-05"}
{"message":"NoSuchWindowError: no such window: target window already closed\nfrom unknown error: web view not found\n  (Session info: chrome=81.0.4044.129)\n    at Object.throwDecodedError (C:\\Users\\dsilvera\\RepoGeneralAutomationDotiBettiniFlynn\\RepoGeneralAutomationDotiBettiniFlynn\\node_modules\\selenium-webdriver\\lib\\error.js:550:15)\n    at parseHttpResponse (C:\\Users\\dsilvera\\RepoGeneralAutomationDotiBettiniFlynn\\RepoGeneralAutomationDotiBettiniFlynn\\node_modules\\selenium-webdriver\\lib\\http.js:565:13)\n    at Executor.execute (C:\\Users\\dsilvera\\RepoGeneralAutomationDotiBettiniFlynn\\RepoGeneralAutomationDotiBettiniFlynn\\node_modules\\selenium-webdriver\\lib\\http.js:491:26)\n    at process._tickCallback (internal/process/next_tick.js:68:7)","level":"error","timestamp":"2020-05-05"}
{"message":"TypeError: Cannot read property 'includes' of null\n    at activateTab (C:\\Users\\dsilvera\\RepoGeneralAutomationDotiBettiniFlynn\\RepoGeneralAutomationDotiBettiniFlynn\\node_modules\\test-automation-pack\\driver.js:142:26)\n    at process._tickCallback (internal/process/next_tick.js:68:7)","level":"error","timestamp":"2020-05-05"}
{"message":"NoSuchWindowError: no such window: target window already closed\nfrom unknown error: web view not found\n  (Session info: chrome=81.0.4044.129)\n    at Object.throwDecodedError (C:\\Users\\dsilvera\\RepoGeneralAutomationDotiBettiniFlynn\\RepoGeneralAutomationDotiBettiniFlynn\\node_modules\\selenium-webdriver\\lib\\error.js:550:15)\n    at parseHttpResponse (C:\\Users\\dsilvera\\RepoGeneralAutomationDotiBettiniFlynn\\RepoGeneralAutomationDotiBettiniFlynn\\node_modules\\selenium-webdriver\\lib\\http.js:565:13)\n    at Executor.execute (C:\\Users\\dsilvera\\RepoGeneralAutomationDotiBettiniFlynn\\RepoGeneralAutomationDotiBettiniFlynn\\node_modules\\selenium-webdriver\\lib\\http.js:491:26)\n    at process._tickCallback (internal/process/next_tick.js:68:7)","level":"error","timestamp":"2020-05-05"}
{"message":"WebDriverError: unknown error: cannot activate web view\n  (Session info: chrome=81.0.4044.129)\n    at Object.throwDecodedError (C:\\Users\\dsilvera\\RepoGeneralAutomationDotiBettiniFlynn\\RepoGeneralAutomationDotiBettiniFlynn\\node_modules\\selenium-webdriver\\lib\\error.js:550:15)\n    at parseHttpResponse (C:\\Users\\dsilvera\\RepoGeneralAutomationDotiBettiniFlynn\\RepoGeneralAutomationDotiBettiniFlynn\\node_modules\\selenium-webdriver\\lib\\http.js:565:13)\n    at Executor.execute (C:\\Users\\dsilvera\\RepoGeneralAutomationDotiBettiniFlynn\\RepoGeneralAutomationDotiBettiniFlynn\\node_modules\\selenium-webdriver\\lib\\http.js:491:26)\n    at process._tickCallback (internal/process/next_tick.js:68:7)","level":"error","timestamp":"2020-05-05"}
{"message":"NoSuchWindowError: no such window: window was already closed\n  (Session info: chrome=81.0.4044.129)\n    at Object.throwDecodedError (C:\\Users\\dsilvera\\RepoGeneralAutomationDotiBettiniFlynn\\RepoGeneralAutomationDotiBettiniFlynn\\node_modules\\selenium-webdriver\\lib\\error.js:550:15)\n    at parseHttpResponse (C:\\Users\\dsilvera\\RepoGeneralAutomationDotiBettiniFlynn\\RepoGeneralAutomationDotiBettiniFlynn\\node_modules\\selenium-webdriver\\lib\\http.js:565:13)\n    at Executor.execute (C:\\Users\\dsilvera\\RepoGeneralAutomationDotiBettiniFlynn\\RepoGeneralAutomationDotiBettiniFlynn\\node_modules\\selenium-webdriver\\lib\\http.js:491:26)\n    at process._tickCallback (internal/process/next_tick.js:68:7)","level":"error","timestamp":"2020-05-05"}
{"message":"TypeError: Cannot read property 'includes' of null\n    at activateTab (C:\\Users\\dsilvera\\RepoGeneralAutomationDotiBettiniFlynn\\RepoGeneralAutomationDotiBettiniFlynn\\node_modules\\test-automation-pack\\driver.js:142:26)\n    at process._tickCallback (internal/process/next_tick.js:68:7)","level":"error","timestamp":"2020-05-05"}
{"message":"NoSuchWindowError: no such window: target window already closed\nfrom unknown error: web view not found\n  (Session info: chrome=81.0.4044.129)\n    at Object.throwDecodedError (C:\\Users\\dsilvera\\RepoGeneralAutomationDotiBettiniFlynn\\RepoGeneralAutomationDotiBettiniFlynn\\node_modules\\selenium-webdriver\\lib\\error.js:550:15)\n    at parseHttpResponse (C:\\Users\\dsilvera\\RepoGeneralAutomationDotiBettiniFlynn\\RepoGeneralAutomationDotiBettiniFlynn\\node_modules\\selenium-webdriver\\lib\\http.js:565:13)\n    at Executor.execute (C:\\Users\\dsilvera\\RepoGeneralAutomationDotiBettiniFlynn\\RepoGeneralAutomationDotiBettiniFlynn\\node_modules\\selenium-webdriver\\lib\\http.js:491:26)\n    at process._tickCallback (internal/process/next_tick.js:68:7)","level":"error","timestamp":"2020-05-05"}
{"message":"NoSuchElementError: no such element: Unable to locate element: {\"method\":\"xpath\",\"selector\":\"//a[.='Tarjeta de crédito']\"}\n  (Session info: chrome=81.0.4044.129)\n    at Object.throwDecodedError (C:\\Users\\dsilvera\\RepoGeneralAutomationDotiBettiniFlynn\\RepoGeneralAutomationDotiBettiniFlynn\\node_modules\\selenium-webdriver\\lib\\error.js:550:15)\n    at parseHttpResponse (C:\\Users\\dsilvera\\RepoGeneralAutomationDotiBettiniFlynn\\RepoGeneralAutomationDotiBettiniFlynn\\node_modules\\selenium-webdriver\\lib\\http.js:565:13)\n    at Executor.execute (C:\\Users\\dsilvera\\RepoGeneralAutomationDotiBettiniFlynn\\RepoGeneralAutomationDotiBettiniFlynn\\node_modules\\selenium-webdriver\\lib\\http.js:491:26)\n    at process._tickCallback (internal/process/next_tick.js:68:7)","level":"error","timestamp":"2020-05-05"}
{"message":"AssertionError: Exception occurred and caught. TimeoutError: timeout: Timed out receiving message from renderer: 30.000\n  (Session info: chrome=81.0.4044.129)\n    at populateClick (C:\\Users\\dsilvera\\RepoGeneralAutomationDotiBettiniFlynn\\RepoGeneralAutomationDotiBettiniFlynn\\node_modules\\test-automation-pack\\populate.js:182:16)\n    at process._tickCallback (internal/process/next_tick.js:68:7)","level":"error","timestamp":"2020-05-05"}
{"message":"AssertionError: Exception occurred and caught. TimeoutError: timeout: Timed out receiving message from renderer: 30.000\n  (Session info: chrome=81.0.4044.129)\n    at populateClick (C:\\Users\\dsilvera\\RepoGeneralAutomationDotiBettiniFlynn\\RepoGeneralAutomationDotiBettiniFlynn\\node_modules\\test-automation-pack\\populate.js:182:16)\n    at process._tickCallback (internal/process/next_tick.js:68:7)","level":"error","timestamp":"2020-05-05"}
{"message":"NoSuchWindowError: no such window: target window already closed\nfrom unknown error: web view not found\n  (Session info: chrome=81.0.4044.129)\n    at Object.throwDecodedError (C:\\Users\\dsilvera\\RepoGeneralAutomationDotiBettiniFlynn\\RepoGeneralAutomationDotiBettiniFlynn\\node_modules\\selenium-webdriver\\lib\\error.js:550:15)\n    at parseHttpResponse (C:\\Users\\dsilvera\\RepoGeneralAutomationDotiBettiniFlynn\\RepoGeneralAutomationDotiBettiniFlynn\\node_modules\\selenium-webdriver\\lib\\http.js:565:13)\n    at Executor.execute (C:\\Users\\dsilvera\\RepoGeneralAutomationDotiBettiniFlynn\\RepoGeneralAutomationDotiBettiniFlynn\\node_modules\\selenium-webdriver\\lib\\http.js:491:26)\n    at process._tickCallback (internal/process/next_tick.js:68:7)","level":"error","timestamp":"2020-05-06"}
{"message":"NoSuchWindowError: no such window: target window already closed\nfrom unknown error: web view not found\n  (Session info: chrome=81.0.4044.129)\n    at Object.throwDecodedError (C:\\Users\\dsilvera\\RepoGeneralAutomationDotiBettiniFlynn\\RepoGeneralAutomationDotiBettiniFlynn\\node_modules\\selenium-webdriver\\lib\\error.js:550:15)\n    at parseHttpResponse (C:\\Users\\dsilvera\\RepoGeneralAutomationDotiBettiniFlynn\\RepoGeneralAutomationDotiBettiniFlynn\\node_modules\\selenium-webdriver\\lib\\http.js:565:13)\n    at Executor.execute (C:\\Users\\dsilvera\\RepoGeneralAutomationDotiBettiniFlynn\\RepoGeneralAutomationDotiBettiniFlynn\\node_modules\\selenium-webdriver\\lib\\http.js:491:26)\n    at process._tickCallback (internal/process/next_tick.js:68:7)","level":"error","timestamp":"2020-05-06"}
{"message":"NoSuchWindowError: no such window: target window already closed\nfrom unknown error: web view not found\n  (Session info: chrome=81.0.4044.129)\n    at Object.throwDecodedError (C:\\Users\\dsilvera\\RepoGeneralAutomationDotiBettiniFlynn\\RepoGeneralAutomationDotiBettiniFlynn\\node_modules\\selenium-webdriver\\lib\\error.js:550:15)\n    at parseHttpResponse (C:\\Users\\dsilvera\\RepoGeneralAutomationDotiBettiniFlynn\\RepoGeneralAutomationDotiBettiniFlynn\\node_modules\\selenium-webdriver\\lib\\http.js:565:13)\n    at Executor.execute (C:\\Users\\dsilvera\\RepoGeneralAutomationDotiBettiniFlynn\\RepoGeneralAutomationDotiBettiniFlynn\\node_modules\\selenium-webdriver\\lib\\http.js:491:26)\n    at process._tickCallback (internal/process/next_tick.js:68:7)","level":"error","timestamp":"2020-05-06"}
{"message":"NoSuchWindowError: no such window: target window already closed\nfrom unknown error: web view not found\n  (Session info: chrome=81.0.4044.129)\n    at Object.throwDecodedError (C:\\Users\\dsilvera\\RepoGeneralAutomationDotiBettiniFlynn\\RepoGeneralAutomationDotiBettiniFlynn\\node_modules\\selenium-webdriver\\lib\\error.js:550:15)\n    at parseHttpResponse (C:\\Users\\dsilvera\\RepoGeneralAutomationDotiBettiniFlynn\\RepoGeneralAutomationDotiBettiniFlynn\\node_modules\\selenium-webdriver\\lib\\http.js:565:13)\n    at Executor.execute (C:\\Users\\dsilvera\\RepoGeneralAutomationDotiBettiniFlynn\\RepoGeneralAutomationDotiBettiniFlynn\\node_modules\\selenium-webdriver\\lib\\http.js:491:26)\n    at process._tickCallback (internal/process/next_tick.js:68:7)","level":"error","timestamp":"2020-05-06"}
{"message":"AssertionError: Exception occurred and caught. TimeoutError: timeout: Timed out receiving message from renderer: 30.000\n  (Session info: chrome=81.0.4044.92)\n    at populateClick (C:\\Users\\dsilvera\\RepoGeneralAutomationDotiBettiniFlynn\\RepoGeneralAutomationDotiBettiniFlynn\\app\\populate.js:213:16)\n    at process._tickCallback (internal/process/next_tick.js:68:7)","level":"error","timestamp":"2020-05-06"}
{"message":"AssertionError: Exception occurred and caught. TimeoutError: timeout: Timed out receiving message from renderer: 30.000\n  (Session info: chrome=81.0.4044.92)\n    at populateClick (C:\\Users\\dsilvera\\RepoGeneralAutomationDotiBettiniFlynn\\RepoGeneralAutomationDotiBettiniFlynn\\app\\populate.js:213:16)\n    at process._tickCallback (internal/process/next_tick.js:68:7)","level":"error","timestamp":"2020-05-06"}
{"message":"UnsupportedOperationError: newSession: Tunnel 16e93fe6.ngrok.io not found\n    at parseHttpResponse (C:\\Users\\dsilvera\\RepoGeneralAutomationDotiBettiniFlynn\\node_modules\\selenium-webdriver\\lib\\http.js:580:11)\n    at Executor.execute (C:\\Users\\dsilvera\\RepoGeneralAutomationDotiBettiniFlynn\\node_modules\\selenium-webdriver\\lib\\http.js:491:26)\n    at process._tickCallback (internal/process/next_tick.js:68:7)","level":"error","timestamp":"2020-05-12"}
{"message":"NoSuchElementError: no such element: Unable to locate element: {\"method\":\"xpath\",\"selector\":\"//a[.='Tarjeta de crédito']\"}\n  (Session info: chrome=81.0.4044.138)\n    at Object.throwDecodedError (C:\\Users\\dsilvera\\RepoGeneralAutomationDotiBettiniFlynn\\node_modules\\selenium-webdriver\\lib\\error.js:550:15)\n    at parseHttpResponse (C:\\Users\\dsilvera\\RepoGeneralAutomationDotiBettiniFlynn\\node_modules\\selenium-webdriver\\lib\\http.js:565:13)\n    at Executor.execute (C:\\Users\\dsilvera\\RepoGeneralAutomationDotiBettiniFlynn\\node_modules\\selenium-webdriver\\lib\\http.js:491:26)\n    at process._tickCallback (internal/process/next_tick.js:68:7)","level":"error","timestamp":"2020-05-12"}
{"message":"SessionNotCreatedError: session not created\nfrom disconnected: received Inspector.detached event\n  (Session info: chrome=81.0.4044.138)\n    at Object.throwDecodedError (C:\\Users\\dsilvera\\RepoGeneralAutomationDotiBettiniFlynn\\node_modules\\selenium-webdriver\\lib\\error.js:550:15)\n    at parseHttpResponse (C:\\Users\\dsilvera\\RepoGeneralAutomationDotiBettiniFlynn\\node_modules\\selenium-webdriver\\lib\\http.js:565:13)\n    at Executor.execute (C:\\Users\\dsilvera\\RepoGeneralAutomationDotiBettiniFlynn\\node_modules\\selenium-webdriver\\lib\\http.js:491:26)\n    at process._tickCallback (internal/process/next_tick.js:68:7)","level":"error","timestamp":"2020-05-12"}
{"message":"WebDriverError: chrome not reachable\n  (Session info: chrome=81.0.4044.138)\n    at Object.throwDecodedError (C:\\Users\\dsilvera\\RepoGeneralAutomationDotiBettiniFlynn\\node_modules\\selenium-webdriver\\lib\\error.js:550:15)\n    at parseHttpResponse (C:\\Users\\dsilvera\\RepoGeneralAutomationDotiBettiniFlynn\\node_modules\\selenium-webdriver\\lib\\http.js:565:13)\n    at Executor.execute (C:\\Users\\dsilvera\\RepoGeneralAutomationDotiBettiniFlynn\\node_modules\\selenium-webdriver\\lib\\http.js:491:26)\n    at process._tickCallback (internal/process/next_tick.js:68:7)","level":"error","timestamp":"2020-05-12"}
{"message":"UnsupportedOperationError: newSession: Tunnel 16e93fe6.ngrok.io not found\n    at parseHttpResponse (C:\\Users\\dsilvera\\RepoGeneralAutomationDotiBettiniFlynn\\node_modules\\selenium-webdriver\\lib\\http.js:580:11)\n    at Executor.execute (C:\\Users\\dsilvera\\RepoGeneralAutomationDotiBettiniFlynn\\node_modules\\selenium-webdriver\\lib\\http.js:491:26)\n    at process._tickCallback (internal/process/next_tick.js:68:7)","level":"error","timestamp":"2020-05-12"}
{"message":"UnsupportedOperationError: newSession: Tunnel 16e93fe6.ngrok.io not found\n    at parseHttpResponse (C:\\Users\\dsilvera\\RepoGeneralAutomationDotiBettiniFlynn\\node_modules\\selenium-webdriver\\lib\\http.js:580:11)\n    at Executor.execute (C:\\Users\\dsilvera\\RepoGeneralAutomationDotiBettiniFlynn\\node_modules\\selenium-webdriver\\lib\\http.js:491:26)\n    at process._tickCallback (internal/process/next_tick.js:68:7)","level":"error","timestamp":"2020-05-12"}
{"message":"NoSuchElementError: no such element: Unable to locate element: {\"method\":\"xpath\",\"selector\":\"//a[.='Tarjeta de crédito']\"}\n  (Session info: chrome=81.0.4044.138)\n    at Object.throwDecodedError (C:\\Users\\dsilvera\\RepoGeneralAutomationDotiBettiniFlynn\\node_modules\\selenium-webdriver\\lib\\error.js:550:15)\n    at parseHttpResponse (C:\\Users\\dsilvera\\RepoGeneralAutomationDotiBettiniFlynn\\node_modules\\selenium-webdriver\\lib\\http.js:565:13)\n    at Executor.execute (C:\\Users\\dsilvera\\RepoGeneralAutomationDotiBettiniFlynn\\node_modules\\selenium-webdriver\\lib\\http.js:491:26)\n    at process._tickCallback (internal/process/next_tick.js:68:7)","level":"error","timestamp":"2020-05-12"}
{"message":"NoSuchElementError: no such element: Unable to locate element: {\"method\":\"xpath\",\"selector\":\"//a[.='Tarjeta de crédito']\"}\n  (Session info: chrome=81.0.4044.138)\n    at Object.throwDecodedError (C:\\Users\\dsilvera\\RepoGeneralAutomationDotiBettiniFlynn\\node_modules\\selenium-webdriver\\lib\\error.js:550:15)\n    at parseHttpResponse (C:\\Users\\dsilvera\\RepoGeneralAutomationDotiBettiniFlynn\\node_modules\\selenium-webdriver\\lib\\http.js:565:13)\n    at Executor.execute (C:\\Users\\dsilvera\\RepoGeneralAutomationDotiBettiniFlynn\\node_modules\\selenium-webdriver\\lib\\http.js:491:26)\n    at process._tickCallback (internal/process/next_tick.js:68:7)","level":"error","timestamp":"2020-05-12"}
{"message":"WebDriverError: chrome not reachable\n  (Session info: chrome=81.0.4044.138)\n    at Object.throwDecodedError (C:\\Users\\Generico\\icbc-qa-automation-js\\node_modules\\selenium-webdriver\\lib\\error.js:550:15)\n    at parseHttpResponse (C:\\Users\\Generico\\icbc-qa-automation-js\\node_modules\\selenium-webdriver\\lib\\http.js:565:13)\n    at Executor.execute (C:\\Users\\Generico\\icbc-qa-automation-js\\node_modules\\selenium-webdriver\\lib\\http.js:491:26)\n    at processTicksAndRejections (internal/process/task_queues.js:97:5)\n    at async thenableWebDriverProxy.execute (C:\\Users\\Generico\\icbc-qa-automation-js\\node_modules\\selenium-webdriver\\lib\\webdriver.js:700:17)\n    at async takeScreenshot (C:\\Users\\Generico\\icbc-qa-automation-js\\app\\driver.js:208:47)\n    at async ThisWorld.<anonymous> (C:\\Users\\Generico\\icbc-qa-automation-js\\features\\support\\hooks.js:18:23)\n    at async ThisWorld.<anonymous> (C:\\Users\\Generico\\icbc-qa-automation-js\\features\\support\\world.js:52:5)","level":"error","timestamp":"2020-05-19"}
{"message":"Error: \"C:\\Users\\Generico\\icbc-qa-automation-js\\node_modules\\pngquant-bin\\vendor\\pngquant.exe\" no se reconoce como un comando interno o externo,\r\nprograma o archivo por lotes ejecutable.\r\n\n    at notFoundError (C:\\Users\\Generico\\icbc-qa-automation-js\\node_modules\\cross-spawn\\lib\\enoent.js:6:26)\n    at verifyENOENT (C:\\Users\\Generico\\icbc-qa-automation-js\\node_modules\\cross-spawn\\lib\\enoent.js:40:16)\n    at ChildProcess.cp.emit (C:\\Users\\Generico\\icbc-qa-automation-js\\node_modules\\cross-spawn\\lib\\enoent.js:27:25)\n    at Process.ChildProcess._handle.onexit (internal/child_process.js:275:12)","level":"error","timestamp":"2020-05-19"}
{"message":"NoSuchElementError: no such element: Unable to locate element: {\"method\":\"xpath\",\"selector\":\"//a[.='Tarjeta de crédito']\"}\n  (Session info: chrome=81.0.4044.138)\n    at Object.throwDecodedError (C:\\Users\\Generico\\icbc-qa-automation-js\\node_modules\\selenium-webdriver\\lib\\error.js:550:15)\n    at parseHttpResponse (C:\\Users\\Generico\\icbc-qa-automation-js\\node_modules\\selenium-webdriver\\lib\\http.js:565:13)\n    at Executor.execute (C:\\Users\\Generico\\icbc-qa-automation-js\\node_modules\\selenium-webdriver\\lib\\http.js:491:26)\n    at processTicksAndRejections (internal/process/task_queues.js:97:5)\n    at async thenableWebDriverProxy.execute (C:\\Users\\Generico\\icbc-qa-automation-js\\node_modules\\selenium-webdriver\\lib\\webdriver.js:700:17)\n    at async Object.WebElement.that.getWebElement (C:\\Users\\Generico\\icbc-qa-automation-js\\app\\WebElement.js:21:12)\n    at async genericPopulateElement (C:\\Users\\Generico\\icbc-qa-automation-js\\app\\PageObject.js:124:26)\n    at async Object.clickElement [as click] (C:\\Users\\Generico\\icbc-qa-automation-js\\app\\PageObject.js:497:7)\n    at async Object.Tarjeta (C:\\Users\\Generico\\icbc-qa-automation-js\\features\\ICBC\\lib\\icbcLib.js:36:5)\n    at async ThisWorld.<anonymous> (C:\\Users\\Generico\\icbc-qa-automation-js\\features\\ICBC\\steps\\login.js:32:5)\n    at async ThisWorld.<anonymous> (C:\\Users\\Generico\\icbc-qa-automation-js\\features\\support\\world.js:52:5)","level":"error","timestamp":"2020-05-19"}
{"message":"Error: \"C:\\Users\\Generico\\icbc-qa-automation-js\\node_modules\\pngquant-bin\\vendor\\pngquant.exe\" no se reconoce como un comando interno o externo,\r\nprograma o archivo por lotes ejecutable.\r\n\n    at WriteWrap.onWriteComplete [as oncomplete] (internal/stream_base_commons.js:92:16)","level":"error","timestamp":"2020-05-19"}
{"message":"NoSuchElementError: no such element: Unable to locate element: {\"method\":\"xpath\",\"selector\":\"//a[.='Tarjeta de crédito']\"}\n  (Session info: chrome=81.0.4044.138)\n    at Object.throwDecodedError (C:\\Users\\Generico\\icbc-qa-automation-js\\node_modules\\selenium-webdriver\\lib\\error.js:550:15)\n    at parseHttpResponse (C:\\Users\\Generico\\icbc-qa-automation-js\\node_modules\\selenium-webdriver\\lib\\http.js:565:13)\n    at Executor.execute (C:\\Users\\Generico\\icbc-qa-automation-js\\node_modules\\selenium-webdriver\\lib\\http.js:491:26)\n    at processTicksAndRejections (internal/process/task_queues.js:97:5)\n    at async thenableWebDriverProxy.execute (C:\\Users\\Generico\\icbc-qa-automation-js\\node_modules\\selenium-webdriver\\lib\\webdriver.js:700:17)\n    at async Object.WebElement.that.getWebElement (C:\\Users\\Generico\\icbc-qa-automation-js\\app\\WebElement.js:21:12)\n    at async genericPopulateElement (C:\\Users\\Generico\\icbc-qa-automation-js\\app\\PageObject.js:124:26)\n    at async Object.clickElement [as click] (C:\\Users\\Generico\\icbc-qa-automation-js\\app\\PageObject.js:497:7)\n    at async Object.Tarjeta (C:\\Users\\Generico\\icbc-qa-automation-js\\features\\ICBC\\lib\\icbcLib.js:36:5)\n    at async ThisWorld.<anonymous> (C:\\Users\\Generico\\icbc-qa-automation-js\\features\\ICBC\\steps\\login.js:32:5)\n    at async ThisWorld.<anonymous> (C:\\Users\\Generico\\icbc-qa-automation-js\\features\\support\\world.js:52:5)","level":"error","timestamp":"2020-05-19"}
{"message":"Error: \"C:\\Users\\Generico\\icbc-qa-automation-js\\node_modules\\pngquant-bin\\vendor\\pngquant.exe\" no se reconoce como un comando interno o externo,\r\nprograma o archivo por lotes ejecutable.\r\n\n    at WriteWrap.onWriteComplete [as oncomplete] (internal/stream_base_commons.js:92:16)","level":"error","timestamp":"2020-05-19"}
{"message":"NoSuchElementError: no such element: Unable to locate element: {\"method\":\"xpath\",\"selector\":\"//a[.='Tarjeta de crédito']\"}\n  (Session info: chrome=81.0.4044.92)\n    at Object.throwDecodedError (C:\\Users\\dsilvera\\icbc-qa-automation-js\\node_modules\\selenium-webdriver\\lib\\error.js:550:15)\n    at parseHttpResponse (C:\\Users\\dsilvera\\icbc-qa-automation-js\\node_modules\\selenium-webdriver\\lib\\http.js:565:13)\n    at Executor.execute (C:\\Users\\dsilvera\\icbc-qa-automation-js\\node_modules\\selenium-webdriver\\lib\\http.js:491:26)\n    at process._tickCallback (internal/process/next_tick.js:68:7)","level":"error","timestamp":"2020-05-19"}
